<?xml version="1.0" encoding="UTF-8"?>
<testsuite xmlns:xsi="http://www.w3.org/2001/XMLSchema-instance" xsi:noNamespaceSchemaLocation="https://maven.apache.org/surefire/maven-surefire-plugin/xsd/surefire-test-report.xsd" version="3.0.2" name="dev.ayush.nexusq.NexusqApplicationTests" time="1.886" tests="1" errors="0" skipped="0" failures="0" flakes="0">
  <properties>
[...]
</properties>
  <testcase name="contextLoads" classname="dev.ayush.nexusq.NexusqApplicationTests" time="0.248">
    <system-out><![CDATA[14:06:07.779 [main] INFO org.springframework.test.context.support.AnnotationConfigContextLoaderUtils -- Could not detect default configuration classes for test class [dev.ayush.nexusq.NexusqApplicationTests]: NexusqApplicationTests does not declare any static, non-private, non-final, nested classes annotated with @Configuration.
14:06:07.816 [main] INFO org.springframework.boot.test.context.SpringBootTestContextBootstrapper -- Found @SpringBootConfiguration dev.ayush.nexusq.NexusqApplication for test class dev.ayush.nexusq.NexusqApplicationTests
14:06:07.845 [main] INFO org.springframework.test.context.support.AnnotationConfigContextLoaderUtils -- Could not detect default configuration classes for test class [dev.ayush.nexusq.NexusqApplicationTests]: NexusqApplicationTests does not declare any static, non-private, non-final, nested classes annotated with @Configuration.
14:06:07.846 [main] INFO org.springframework.boot.test.context.SpringBootTestContextBootstrapper -- Found @SpringBootConfiguration dev.ayush.nexusq.NexusqApplication for test class dev.ayush.nexusq.NexusqApplicationTests

  .   ____          _            __ _ _
 /\\ / ___'_ __ _ _(_)_ __  __ _ \ \ \ \
( ( )\___ | '_ | '_| | '_ \/ _` | \ \ \ \
 \\/  ___)| |_)| | | | | || (_| |  ) ) ) )
  '  |____| .__|_| |_|_| |_\__, | / / / /
 =========|_|==============|___/=/_/_/_/

 :: Spring Boot ::                (v4.0.6)

2026-06-28T14:06:07.961+05:30  INFO 35108 --- [nexusq] [           main] d.ayush.nexusq.NexusqApplicationTests    : Starting NexusqApplicationTests using Java 24.0.1 with PID 35108 (started by ayushgupta in /Users/ayushgupta/Documents/nexusq)
2026-06-28T14:06:07.962+05:30  INFO 35108 --- [nexusq] [           main] d.ayush.nexusq.NexusqApplicationTests    : No active profile set, falling back to 1 default profile: "default"
2026-06-28T14:06:08.280+05:30  INFO 35108 --- [nexusq] [           main] .s.d.r.c.RepositoryConfigurationDelegate : Multiple Spring Data modules found, entering strict repository configuration mode
2026-06-28T14:06:08.281+05:30  INFO 35108 --- [nexusq] [           main] .s.d.r.c.RepositoryConfigurationDelegate : Bootstrapping Spring Data JPA repositories in DEFAULT mode.
2026-06-28T14:06:08.287+05:30  INFO 35108 --- [nexusq] [           main] .s.d.r.c.RepositoryConfigurationDelegate : Finished Spring Data repository scanning in 3 ms. Found 0 JPA repository interfaces.
2026-06-28T14:06:08.303+05:30  INFO 35108 --- [nexusq] [           main] .s.d.r.c.RepositoryConfigurationDelegate : Multiple Spring Data modules found, entering strict repository configuration mode
2026-06-28T14:06:08.304+05:30  INFO 35108 --- [nexusq] [           main] .s.d.r.c.RepositoryConfigurationDelegate : Bootstrapping Spring Data Redis repositories in DEFAULT mode.
2026-06-28T14:06:08.308+05:30  INFO 35108 --- [nexusq] [           main] .s.d.r.c.RepositoryConfigurationDelegate : Finished Spring Data repository scanning in 0 ms. Found 0 Redis repository interfaces.
2026-06-28T14:06:08.496+05:30  INFO 35108 --- [nexusq] [           main] org.hibernate.orm.jpa                    : HHH008540: Processing PersistenceUnitInfo [name: default]
2026-06-28T14:06:08.516+05:30  INFO 35108 --- [nexusq] [           main] org.hibernate.orm.core                   : HHH000001: Hibernate ORM core version 7.2.12.Final
2026-06-28T14:06:08.656+05:30  INFO 35108 --- [nexusq] [           main] o.s.o.j.p.SpringPersistenceUnitInfo      : No LoadTimeWeaver setup: ignoring JPA class transformer
2026-06-28T14:06:08.671+05:30  INFO 35108 --- [nexusq] [           main] com.zaxxer.hikari.HikariDataSource       : HikariPool-1 - Starting...
2026-06-28T14:06:08.741+05:30  INFO 35108 --- [nexusq] [           main] com.zaxxer.hikari.pool.HikariPool        : HikariPool-1 - Added connection org.postgresql.jdbc.PgConnection@5c215642
2026-06-28T14:06:08.741+05:30  INFO 35108 --- [nexusq] [           main] com.zaxxer.hikari.HikariDataSource       : HikariPool-1 - Start completed.
2026-06-28T14:06:08.755+05:30  WARN 35108 --- [nexusq] [           main] org.hibernate.orm.deprecation            : HHH90000025: PostgreSQLDialect does not need to be specified explicitly using 'hibernate.dialect' (remove the property setting and it will be selected by default)
2026-06-28T14:06:08.765+05:30  INFO 35108 --- [nexusq] [           main] org.hibernate.orm.connections.pooling    : HHH10001005: Database info:
	Database JDBC URL [jdbc:postgresql://localhost:5433/nexusq]
	Database driver: PostgreSQL JDBC Driver
	Database dialect: PostgreSQLDialect
	Database version: 16.14
	Default catalog/schema: nexusq/public
	Autocommit mode: undefined/unknown
	Isolation level: READ_COMMITTED [default READ_COMMITTED]
	JDBC fetch size: none
	Pool: DataSourceConnectionProvider
	Minimum pool size: undefined/unknown
	Maximum pool size: undefined/unknown
2026-06-28T14:06:08.911+05:30  INFO 35108 --- [nexusq] [           main] org.hibernate.orm.core                   : HHH000489: No JTA platform available (set 'hibernate.transaction.jta.platform' to enable JTA platform integration)
2026-06-28T14:06:08.913+05:30  INFO 35108 --- [nexusq] [           main] j.LocalContainerEntityManagerFactoryBean : Initialized JPA EntityManagerFactory for persistence unit 'default'
2026-06-28T14:06:08.947+05:30  WARN 35108 --- [nexusq] [           main] JpaBaseConfiguration$JpaWebConfiguration : spring.jpa.open-in-view is enabled by default. Therefore, database queries may be performed during view rendering. Explicitly configure spring.jpa.open-in-view to disable this warning
2026-06-28T14:06:09.112+05:30  WARN 35108 --- [nexusq] [           main] i.n.r.d.DnsServerAddressStreamProviders  : Can not find io.netty.resolver.dns.macos.MacOSDnsServerAddressStreamProvider in the classpath, fallback to system defaults. This may result in incorrect DNS resolutions on MacOS. Check whether you have a dependency on 'io.netty:netty-resolver-dns-native-macos'
2026-06-28T14:06:09.329+05:30  INFO 35108 --- [nexusq] [           main] o.s.b.a.e.web.EndpointLinksResolver      : Exposing 1 endpoint beneath base path '/actuator'
2026-06-28T14:06:09.353+05:30  INFO 35108 --- [nexusq] [           main] d.ayush.nexusq.NexusqApplicationTests    : Started NexusqApplicationTests in 1.482 seconds (process running for 1.885)
]]></system-out>
    <system-err><![CDATA[Mockito is currently self-attaching to enable the inline-mock-maker. This will no longer work in future releases of the JDK. Please add Mockito as an agent to your build as described in Mockito's documentation: https://javadoc.io/doc/org.mockito/mockito-core/latest/org.mockito/org/mockito/Mockito.html#0.3
WARNING: A Java agent has been loaded dynamically (/Users/ayushgupta/.m2/repository/net/bytebuddy/byte-buddy-agent/1.17.8/byte-buddy-agent-1.17.8.jar)
WARNING: If a serviceability tool is in use, please run with -XX:+EnableDynamicAgentLoading to hide this warning
WARNING: If a serviceability tool is not in use, please run with -Djdk.instrument.traceUsage for more information
WARNING: Dynamic loading of agents will be disallowed by default in a future release
]]></system-err>
  </testcase>
</testsuite>